<?xml version="1.0" encoding="UTF-8"?>
<!-- Generated by org.testng.reporters.JUnitReportReporter -->
<testsuite hostname="Aksams-MacBook-Pro.local" failures="0" tests="1" name="statusPostTestCase" time="20.773" errors="0" timestamp="2021-12-21T23:55:01 PKT" skipped="0">
  <testcase classname="statusPostTestCase" name="successfullUserLogin" time="20.773"/>
  <system-out/>
</testsuite> <!-- statusPostTestCase -->
